<?xml version="1.0" encoding="UTF-8"?>
<!-- Generated by org.testng.reporters.JUnitXMLReporter -->
<testsuite ignored="0" hostname="DESKTOP-E9ARFLP" failures="0" tests="6" name="Test" time="0.145" errors="0" timestamp="2022-08-29T23:06:09 IST">
  <testcase classname="com.selenium.project.testng.TestngPractise" name="startEngine" time="0.024"/>
  <testcase classname="com.selenium.project.testng.TestngPractise" name="putFirstGear" time="0.006"/>
  <testcase classname="com.selenium.project.testng.TestngPractise" name="putSecondGear" time="0.002"/>
  <testcase classname="com.selenium.project.testng.TestngPractise" name="goToSecondarySchool" time="0.002"/>
  <testcase classname="com.selenium.project.testng.TestngPractise" name="goToHigherSchool" time="0.002"/>
  <testcase classname="com.selenium.project.testng.TestngPractise" name="goToCollege" time="0.002"/>
</testsuite> <!-- Test -->
