<?xml version="1.0" encoding="UTF-8"?>
<!-- Generated by org.testng.reporters.JUnitXMLReporter -->
<testsuite ignored="0" hostname="DESKTOP-E9ARFLP" failures="0" tests="6" name="Default test" time="0.148" errors="0" timestamp="2022-08-29T22:56:50 IST">
  <testcase classname="com.selenium.project.testng.TestngPractise" name="startEngine" time="0.018"/>
  <testcase classname="com.selenium.project.testng.TestngPractise" name="putFirstGear" time="0.005"/>
  <testcase classname="com.selenium.project.testng.TestngPractise" name="putSecondGear" time="0.003"/>
  <testcase classname="com.selenium.project.testng.TestngPractise" name="goToSecondarySchool" time="0.002"/>
  <testcase classname="com.selenium.project.testng.TestngPractise" name="goToHigherSchool" time="0.002"/>
  <testcase classname="com.selenium.project.testng.TestngPractise" name="goToCollege" time="0.004"/>
</testsuite> <!-- Default test -->
