<?xml version="1.0" encoding="UTF-8"?>
<testng-results ignored="0" total="6" passed="6" failed="0" skipped="0">
  <reporter-output>
  </reporter-output>
  <suite started-at="2022-08-29T23:06:09 IST" name="Suite" finished-at="2022-08-29T23:06:09 IST" duration-ms="145">
    <groups>
    </groups>
    <test started-at="2022-08-29T23:06:09 IST" name="Test" finished-at="2022-08-29T23:06:09 IST" duration-ms="145">
      <class name="com.selenium.project.testng.TestngPractise">
        <test-method signature="startEngine()[pri:0, instance:com.selenium.project.testng.TestngPractise@2c35e847]" started-at="2022-08-29T23:06:09 IST" name="startEngine" finished-at="2022-08-29T23:06:09 IST" duration-ms="24" status="PASS">
          <reporter-output>
          </reporter-output>
        </test-method> <!-- startEngine -->
        <test-method signature="putFirstGear()[pri:1, instance:com.selenium.project.testng.TestngPractise@2c35e847]" started-at="2022-08-29T23:06:09 IST" name="putFirstGear" finished-at="2022-08-29T23:06:09 IST" duration-ms="6" status="PASS">
          <reporter-output>
          </reporter-output>
        </test-method> <!-- putFirstGear -->
        <test-method signature="putSecondGear()[pri:2, instance:com.selenium.project.testng.TestngPractise@2c35e847]" started-at="2022-08-29T23:06:09 IST" name="putSecondGear" finished-at="2022-08-29T23:06:09 IST" duration-ms="2" status="PASS">
          <reporter-output>
          </reporter-output>
        </test-method> <!-- putSecondGear -->
        <test-method signature="goToSecondarySchool()[pri:3, instance:com.selenium.project.testng.TestngPractise@2c35e847]" started-at="2022-08-29T23:06:09 IST" name="goToSecondarySchool" finished-at="2022-08-29T23:06:09 IST" duration-ms="2" status="PASS">
          <reporter-output>
          </reporter-output>
        </test-method> <!-- goToSecondarySchool -->
        <test-method signature="goToHigherSchool()[pri:0, instance:com.selenium.project.testng.TestngPractise@2c35e847]" started-at="2022-08-29T23:06:09 IST" name="goToHigherSchool" finished-at="2022-08-29T23:06:09 IST" depends-on-methods="com.selenium.project.testng.TestngPractise.goToSecondarySchool" duration-ms="2" status="PASS">
          <reporter-output>
          </reporter-output>
        </test-method> <!-- goToHigherSchool -->
        <test-method signature="goToCollege()[pri:0, instance:com.selenium.project.testng.TestngPractise@2c35e847]" started-at="2022-08-29T23:06:09 IST" name="goToCollege" finished-at="2022-08-29T23:06:09 IST" depends-on-methods="com.selenium.project.testng.TestngPractise.goToHigherSchool" duration-ms="2" status="PASS">
          <reporter-output>
          </reporter-output>
        </test-method> <!-- goToCollege -->
      </class> <!-- com.selenium.project.testng.TestngPractise -->
    </test> <!-- Test -->
  </suite> <!-- Suite -->
</testng-results>
